<?xml version="1.0" encoding="UTF-8"?>
<!-- Generated by org.testng.reporters.JUnitReportReporter -->
<testsuite hostname="Asus-ПК" name="MK.LoginTest" tests="1" failures="0" timestamp="24 Feb 2017 17:02:43 GMT" time="9.536" errors="0">
  <testcase name="testLogin" time="9.536" classname="MK.LoginTest"/>
</testsuite> <!-- MK.LoginTest -->
